# JRE version: OpenJDK Runtime Environment (8.0_76-b03) (build 1.8.0_76-release-b03)
# Java VM: OpenJDK 64-Bit Server VM (25.76-b03 mixed mode windows-amd64 compressed oops)
Heap:
 PSYoungGen      total 407552K, used 120080K [0x000000076ab00000, 0x0000000791400000, 0x00000007c0000000)
  eden space 353280K, 18% used [0x000000076ab00000,0x000000076eb9ed68,0x0000000780400000)
  from space 54272K, 99% used [0x000000078df00000,0x00000007913a5618,0x0000000791400000)
  to   space 66048K, 0% used [0x0000000789300000,0x0000000789300000,0x000000078d380000)
 ParOldGen       total 699392K, used 61585K [0x00000006c0000000, 0x00000006eab00000, 0x000000076ab00000)
  object space 699392K, 8% used [0x00000006c0000000,0x00000006c3c24578,0x00000006eab00000)
 Metaspace       used 72471K, capacity 75394K, committed 75520K, reserved 1114112K
  class space    used 9250K, capacity 9887K, committed 9984K, reserved 1048576K
GC Heap History (10 events):
Event: 53.667 GC heap before
{Heap before GC invocations=9 (full 3):
 PSYoungGen      total 305664K, used 262144K [0x000000076ab00000, 0x0000000780000000, 0x00000007c0000000)
  eden space 262144K, 100% used [0x000000076ab00000,0x000000077ab00000,0x000000077ab00000)
  from space 43520K, 0% used [0x000000077ab00000,0x000000077ab00000,0x000000077d580000)
  to   space 43520K, 0% used [0x000000077d580000,0x000000077d580000,0x0000000780000000)
 ParOldGen       total 699392K, used 45367K [0x00000006c0000000, 0x00000006eab00000, 0x000000076ab00000)
  object space 699392K, 6% used [0x00000006c0000000,0x00000006c2c4df90,0x00000006eab00000)
 Metaspace       used 60445K, capacity 62746K, committed 62848K, reserved 1103872K
  class space    used 8026K, capacity 8553K, committed 8576K, reserved 1048576K
Event: 53.691 GC heap after
Heap after GC invocations=9 (full 3):
 PSYoungGen      total 311808K, used 13872K [0x000000076ab00000, 0x0000000780000000, 0x00000007c0000000)
  eden space 268288K, 0% used [0x000000076ab00000,0x000000076ab00000,0x000000077b100000)
  from space 43520K, 31% used [0x000000077d580000,0x000000077e30c050,0x0000000780000000)
  to   space 37376K, 0% used [0x000000077b100000,0x000000077b100000,0x000000077d580000)
 ParOldGen       total 699392K, used 45375K [0x00000006c0000000, 0x00000006eab00000, 0x000000076ab00000)
  object space 699392K, 6% used [0x00000006c0000000,0x00000006c2c4ff90,0x00000006eab00000)
 Metaspace       used 60445K, capacity 62746K, committed 62848K, reserved 1103872K
  class space    used 8026K, capacity 8553K, committed 8576K, reserved 1048576K
}
Event: 60.117 GC heap before
{Heap before GC invocations=10 (full 3):
 PSYoungGen      total 311808K, used 282160K [0x000000076ab00000, 0x0000000780000000, 0x00000007c0000000)
  eden space 268288K, 100% used [0x000000076ab00000,0x000000077b100000,0x000000077b100000)
  from space 43520K, 31% used [0x000000077d580000,0x000000077e30c050,0x0000000780000000)
  to   space 37376K, 0% used [0x000000077b100000,0x000000077b100000,0x000000077d580000)
 ParOldGen       total 699392K, used 45375K [0x00000006c0000000, 0x00000006eab00000, 0x000000076ab00000)
  object space 699392K, 6% used [0x00000006c0000000,0x00000006c2c4ff90,0x00000006eab00000)
 Metaspace       used 61999K, capacity 64420K, committed 64640K, reserved 1105920K
  class space    used 8147K, capacity 8720K, committed 8832K, reserved 1048576K
Event: 60.173 GC heap after
Heap after GC invocations=10 (full 3):
 PSYoungGen      total 305664K, used 37353K [0x000000076ab00000, 0x0000000787e00000, 0x00000007c0000000)
  eden space 268288K, 0% used [0x000000076ab00000,0x000000076ab00000,0x000000077b100000)
  from space 37376K, 99% used [0x000000077b100000,0x000000077d57a530,0x000000077d580000)
  to   space 50176K, 0% used [0x0000000784d00000,0x0000000784d00000,0x0000000787e00000)
 ParOldGen       total 699392K, used 60020K [0x00000006c0000000, 0x00000006eab00000, 0x000000076ab00000)
  object space 699392K, 8% used [0x00000006c0000000,0x00000006c3a9d0a8,0x00000006eab00000)
 Metaspace       used 61999K, capacity 64420K, committed 64640K, reserved 1105920K
  class space    used 8147K, capacity 8720K, committed 8832K, reserved 1048576K
}
Event: 115.790 GC heap before
{Heap before GC invocations=11 (full 3):
 PSYoungGen      total 305664K, used 305641K [0x000000076ab00000, 0x0000000787e00000, 0x00000007c0000000)
  eden space 268288K, 100% used [0x000000076ab00000,0x000000077b100000,0x000000077b100000)
  from space 37376K, 99% used [0x000000077b100000,0x000000077d57a530,0x000000077d580000)
  to   space 50176K, 0% used [0x0000000784d00000,0x0000000784d00000,0x0000000787e00000)
 ParOldGen       total 699392K, used 60020K [0x00000006c0000000, 0x00000006eab00000, 0x000000076ab00000)
  object space 699392K, 8% used [0x00000006c0000000,0x00000006c3a9d0a8,0x00000006eab00000)
 Metaspace       used 64904K, capacity 67356K, committed 67712K, reserved 1107968K
  class space    used 8476K, capacity 9030K, committed 9088K, reserved 1048576K
Event: 115.840 GC heap after
Heap after GC invocations=11 (full 3):
 PSYoungGen      total 404480K, used 38996K [0x000000076ab00000, 0x0000000787500000, 0x00000007c0000000)
  eden space 363520K, 0% used [0x000000076ab00000,0x000000076ab00000,0x0000000780e00000)
  from space 40960K, 95% used [0x0000000784d00000,0x0000000787315350,0x0000000787500000)
  to   space 52736K, 0% used [0x0000000780e00000,0x0000000780e00000,0x0000000784180000)
 ParOldGen       total 699392K, used 60028K [0x00000006c0000000, 0x00000006eab00000, 0x000000076ab00000)
  object space 699392K, 8% used [0x00000006c0000000,0x00000006c3a9f0a8,0x00000006eab00000)
 Metaspace       used 64904K, capacity 67356K, committed 67712K, reserved 1107968K
  class space    used 8476K, capacity 9030K, committed 9088K, reserved 1048576K
}
Event: 123.187 GC heap before
{Heap before GC invocations=12 (full 3):
 PSYoungGen      total 404480K, used 402516K [0x000000076ab00000, 0x0000000787500000, 0x00000007c0000000)
  eden space 363520K, 100% used [0x000000076ab00000,0x0000000780e00000,0x0000000780e00000)
  from space 40960K, 95% used [0x0000000784d00000,0x0000000787315350,0x0000000787500000)
  to   space 52736K, 0% used [0x0000000780e00000,0x0000000780e00000,0x0000000784180000)
 ParOldGen       total 699392K, used 60028K [0x00000006c0000000, 0x00000006eab00000, 0x000000076ab00000)
  object space 699392K, 8% used [0x00000006c0000000,0x00000006c3a9f0a8,0x00000006eab00000)
 Metaspace       used 71482K, capacity 74200K, committed 74368K, reserved 1114112K
  class space    used 9139K, capacity 9764K, committed 9856K, reserved 1048576K
Event: 123.249 GC heap after
Heap after GC invocations=12 (full 3):
 PSYoungGen      total 416256K, used 52730K [0x000000076ab00000, 0x0000000791a80000, 0x00000007c0000000)
  eden space 363520K, 0% used [0x000000076ab00000,0x000000076ab00000,0x0000000780e00000)
  from space 52736K, 99% used [0x0000000780e00000,0x000000078417e898,0x0000000784180000)
  to   space 60928K, 0% used [0x000000078df00000,0x000000078df00000,0x0000000791a80000)
 ParOldGen       total 699392K, used 61577K [0x00000006c0000000, 0x00000006eab00000, 0x000000076ab00000)
  object space 699392K, 8% used [0x00000006c0000000,0x00000006c3c22578,0x00000006eab00000)
 Metaspace       used 71482K, capacity 74200K, committed 74368K, reserved 1114112K
  class space    used 9139K, capacity 9764K, committed 9856K, reserved 1048576K
}
Event: 4328.795 GC heap before
{Heap before GC invocations=13 (full 3):
 PSYoungGen      total 416256K, used 416250K [0x000000076ab00000, 0x0000000791a80000, 0x00000007c0000000)
  eden space 363520K, 100% used [0x000000076ab00000,0x0000000780e00000,0x0000000780e00000)
  from space 52736K, 99% used [0x0000000780e00000,0x000000078417e898,0x0000000784180000)
  to   space 60928K, 0% used [0x000000078df00000,0x000000078df00000,0x0000000791a80000)
 ParOldGen       total 699392K, used 61577K [0x00000006c0000000, 0x00000006eab00000, 0x000000076ab00000)
  object space 699392K, 8% used [0x00000006c0000000,0x00000006c3c22578,0x00000006eab00000)
 Metaspace       used 72357K, capacity 75284K, committed 75392K, reserved 1114112K
  class space    used 9237K, capacity 9852K, committed 9856K, reserved 1048576K
Event: 4328.914 GC heap after
Heap after GC invocations=13 (full 3):
 PSYoungGen      total 407552K, used 53909K [0x000000076ab00000, 0x0000000791400000, 0x00000007c0000000)
  eden space 353280K, 0% used [0x000000076ab00000,0x000000076ab00000,0x0000000780400000)
  from space 54272K, 99% used [0x000000078df00000,0x00000007913a5618,0x0000000791400000)
  to   space 66048K, 0% used [0x0000000789300000,0x0000000789300000,0x000000078d380000)
 ParOldGen       total 699392K, used 61585K [0x00000006c0000000, 0x00000006eab00000, 0x000000076ab00000)
  object space 699392K, 8% used [0x00000006c0000000,0x00000006c3c24578,0x00000006eab00000)
 Metaspace       used 72357K, capacity 75284K, committed 75392K, reserved 1114112K
  class space    used 9237K, capacity 9852K, committed 9856K, reserved 1048576K
}

